<?xml version="1.0" encoding="UTF-8"?>
<!-- Generated by org.testng.reporters.JUnitReportReporter -->
<testsuite hostname="HP" failures="0" tests="1" name="blazetestpkg.BlazedemoRegisterTestPrgrm" time="0.978" errors="0" timestamp="2024-01-06T11:16:30 IST" skipped="0">
  <testcase classname="blazetestpkg.BlazedemoRegisterTestPrgrm" name="test" time="0.978"/>
</testsuite> <!-- blazetestpkg.BlazedemoRegisterTestPrgrm -->
