<?xml version="1.0" encoding="UTF-8"?>
<!-- Generated by org.testng.reporters.JUnitReportReporter -->
<testsuite hostname="HP" failures="0" tests="1" name="testpkg.JanasyatestPrgrm" time="9.431" errors="0" timestamp="2024-01-04T17:59:04 IST" skipped="0">
  <testcase classname="testpkg.JanasyatestPrgrm" name="test" time="9.431"/>
</testsuite> <!-- testpkg.JanasyatestPrgrm -->
