<?xml version="1.0" encoding="UTF-8"?>
<!-- Generated by org.testng.reporters.JUnitReportReporter -->
<testsuite hostname="HP" failures="0" tests="1" name="testpkg.FbLoginTest" time="50.655" errors="0" timestamp="2024-01-09T16:24:58 IST" skipped="0">
  <testcase classname="testpkg.FbLoginTest" name="verifyLoginWithValidCred" time="50.655"/>
</testsuite> <!-- testpkg.FbLoginTest -->
